build/app/intermediates/manifest_merge_blame_file/release/manifest-merger-blame-release-report.txt
1<?xml version="1.0" encoding="utf-8"?>
2<manifest xmlns:android="http://schemas.android.com/apk/res/android"
3    package="com.example.romoufer.chat.chat"
4    android:versionCode="1"
5    android:versionName="1.0.0" >
6
7    <uses-sdk
8        android:minSdkVersion="21"
8-->src/main/AndroidManifest.xml
9        android:targetSdkVersion="31" />
9-->src/main/AndroidManifest.xml
10
11    <uses-permission android:name="android.permission.INTERNET" />
11-->[com.google.firebase:firebase-auth:21.1.0] AndroidManifest.xml:23:5-67
11-->[com.google.firebase:firebase-auth:21.1.0] AndroidManifest.xml:23:22-64
12    <uses-permission android:name="android.permission.ACCESS_NETWORK_STATE" />
12-->[com.google.firebase:firebase-auth:21.1.0] AndroidManifest.xml:24:5-79
12-->[com.google.firebase:firebase-auth:21.1.0] AndroidManifest.xml:24:22-76
13
14    <application
15        android:name="android.app.Application"
15-->src/main/AndroidManifest.xml:6:9-42
16        android:appComponentFactory="androidx.core.app.CoreComponentFactory"
16-->[androidx.core:core:1.8.0] AndroidManifest.xml:24:18-86
17        android:icon="@mipmap/ic_launcher"
17-->src/main/AndroidManifest.xml:7:9-43
18        android:label="chat" >
18-->src/main/AndroidManifest.xml:5:9-29
19        <activity
19-->src/main/AndroidManifest.xml:8:9-28:20
20            android:name="com.example.romoufer.chat.chat.MainActivity"
20-->src/main/AndroidManifest.xml:9:13-41
21            android:configChanges="orientation|keyboardHidden|keyboard|screenSize|smallestScreenSize|locale|layoutDirection|fontScale|screenLayout|density|uiMode"
21-->src/main/AndroidManifest.xml:13:13-163
22            android:exported="true"
22-->src/main/AndroidManifest.xml:10:13-36
23            android:hardwareAccelerated="true"
23-->src/main/AndroidManifest.xml:14:13-47
24            android:launchMode="singleTop"
24-->src/main/AndroidManifest.xml:11:13-43
25            android:theme="@style/LaunchTheme"
25-->src/main/AndroidManifest.xml:12:13-47
26            android:windowSoftInputMode="adjustResize" >
26-->src/main/AndroidManifest.xml:15:13-55
27
28            <!--
29                 Specifies an Android theme to apply to this Activity as soon as
30                 the Android process has started. This theme is visible to the user
31                 while the Flutter UI initializes. After that, this theme continues
32                 to determine the Window background behind the Flutter UI.
33            -->
34            <meta-data
34-->src/main/AndroidManifest.xml:20:13-23:17
35                android:name="io.flutter.embedding.android.NormalTheme"
35-->src/main/AndroidManifest.xml:21:15-70
36                android:resource="@style/NormalTheme" />
36-->src/main/AndroidManifest.xml:22:15-52
37
38            <intent-filter>
38-->src/main/AndroidManifest.xml:24:13-27:29
39                <action android:name="android.intent.action.MAIN" />
39-->src/main/AndroidManifest.xml:25:17-68
39-->src/main/AndroidManifest.xml:25:25-66
40
41                <category android:name="android.intent.category.LAUNCHER" />
41-->src/main/AndroidManifest.xml:26:17-76
41-->src/main/AndroidManifest.xml:26:27-74
42            </intent-filter>
43        </activity>
44        <!--
45             Don't delete the meta-data below.
46             This is used by the Flutter tool to generate GeneratedPluginRegistrant.java
47        -->
48        <meta-data
48-->src/main/AndroidManifest.xml:31:9-33:33
49            android:name="flutterEmbedding"
49-->src/main/AndroidManifest.xml:32:13-44
50            android:value="2" />
50-->src/main/AndroidManifest.xml:33:13-30
51
52        <service
52-->[:firebase_auth] AndroidManifest.xml:8:9-12:19
53            android:name="com.google.firebase.components.ComponentDiscoveryService"
53-->[:firebase_auth] AndroidManifest.xml:8:18-89
54            android:directBootAware="true"
54-->[com.google.firebase:firebase-common:20.2.0] AndroidManifest.xml:34:13-43
55            android:exported="false" >
55-->[com.google.firebase:firebase-auth:21.1.0] AndroidManifest.xml:66:13-37
56            <meta-data
56-->[:firebase_auth] AndroidManifest.xml:9:13-11:85
57                android:name="com.google.firebase.components:io.flutter.plugins.firebase.auth.FlutterFirebaseAuthRegistrar"
57-->[:firebase_auth] AndroidManifest.xml:10:17-124
58                android:value="com.google.firebase.components.ComponentRegistrar" />
58-->[:firebase_auth] AndroidManifest.xml:11:17-82
59            <meta-data
59-->[:firebase_database] AndroidManifest.xml:9:13-11:85
60                android:name="com.google.firebase.components:io.flutter.plugins.firebase.database.FlutterFirebaseAppRegistrar"
60-->[:firebase_database] AndroidManifest.xml:10:17-127
61                android:value="com.google.firebase.components.ComponentRegistrar" />
61-->[:firebase_database] AndroidManifest.xml:11:17-82
62            <meta-data
62-->[:firebase_storage] AndroidManifest.xml:9:13-11:85
63                android:name="com.google.firebase.components:io.flutter.plugins.firebase.storage.FlutterFirebaseAppRegistrar"
63-->[:firebase_storage] AndroidManifest.xml:10:17-126
64                android:value="com.google.firebase.components.ComponentRegistrar" />
64-->[:firebase_storage] AndroidManifest.xml:11:17-82
65            <meta-data
65-->[:firebase_core] AndroidManifest.xml:9:13-11:85
66                android:name="com.google.firebase.components:io.flutter.plugins.firebase.core.FlutterFirebaseCoreRegistrar"
66-->[:firebase_core] AndroidManifest.xml:10:17-124
67                android:value="com.google.firebase.components.ComponentRegistrar" />
67-->[:firebase_core] AndroidManifest.xml:11:17-82
68            <meta-data
68-->[com.google.firebase:firebase-auth:21.1.0] AndroidManifest.xml:67:13-69:85
69                android:name="com.google.firebase.components:com.google.firebase.auth.FirebaseAuthRegistrar"
69-->[com.google.firebase:firebase-auth:21.1.0] AndroidManifest.xml:68:17-109
70                android:value="com.google.firebase.components.ComponentRegistrar" />
70-->[com.google.firebase:firebase-auth:21.1.0] AndroidManifest.xml:69:17-82
71            <meta-data
71-->[com.google.firebase:firebase-storage:20.1.0] AndroidManifest.xml:32:13-34:85
72                android:name="com.google.firebase.components:com.google.firebase.storage.StorageRegistrar"
72-->[com.google.firebase:firebase-storage:20.1.0] AndroidManifest.xml:33:17-107
73                android:value="com.google.firebase.components.ComponentRegistrar" />
73-->[com.google.firebase:firebase-storage:20.1.0] AndroidManifest.xml:34:17-82
74            <meta-data
74-->[com.google.firebase:firebase-database:20.1.0] AndroidManifest.xml:31:13-33:85
75                android:name="com.google.firebase.components:com.google.firebase.database.DatabaseRegistrar"
75-->[com.google.firebase:firebase-database:20.1.0] AndroidManifest.xml:32:17-109
76                android:value="com.google.firebase.components.ComponentRegistrar" />
76-->[com.google.firebase:firebase-database:20.1.0] AndroidManifest.xml:33:17-82
77        </service>
78
79        <provider
79-->[:image_picker_android] AndroidManifest.xml:8:9-16:20
80            android:name="io.flutter.plugins.imagepicker.ImagePickerFileProvider"
80-->[:image_picker_android] AndroidManifest.xml:9:13-82
81            android:authorities="com.example.romoufer.chat.chat.flutter.image_provider"
81-->[:image_picker_android] AndroidManifest.xml:10:13-74
82            android:exported="false"
82-->[:image_picker_android] AndroidManifest.xml:11:13-37
83            android:grantUriPermissions="true" >
83-->[:image_picker_android] AndroidManifest.xml:12:13-47
84            <meta-data
84-->[:image_picker_android] AndroidManifest.xml:13:13-15:75
85                android:name="android.support.FILE_PROVIDER_PATHS"
85-->[:image_picker_android] AndroidManifest.xml:14:17-67
86                android:resource="@xml/flutter_image_picker_file_paths" />
86-->[:image_picker_android] AndroidManifest.xml:15:17-72
87        </provider>
88
89        <uses-library
89-->[androidx.window:window:1.0.0-beta04] AndroidManifest.xml:25:9-27:40
90            android:name="androidx.window.extensions"
90-->[androidx.window:window:1.0.0-beta04] AndroidManifest.xml:26:13-54
91            android:required="false" />
91-->[androidx.window:window:1.0.0-beta04] AndroidManifest.xml:27:13-37
92        <uses-library
92-->[androidx.window:window:1.0.0-beta04] AndroidManifest.xml:28:9-30:40
93            android:name="androidx.window.sidecar"
93-->[androidx.window:window:1.0.0-beta04] AndroidManifest.xml:29:13-51
94            android:required="false" />
94-->[androidx.window:window:1.0.0-beta04] AndroidManifest.xml:30:13-37
95
96        <activity
96-->[com.google.firebase:firebase-auth:21.1.0] AndroidManifest.xml:27:9-44:20
97            android:name="com.google.firebase.auth.internal.GenericIdpActivity"
97-->[com.google.firebase:firebase-auth:21.1.0] AndroidManifest.xml:28:13-80
98            android:excludeFromRecents="true"
98-->[com.google.firebase:firebase-auth:21.1.0] AndroidManifest.xml:29:13-46
99            android:exported="true"
99-->[com.google.firebase:firebase-auth:21.1.0] AndroidManifest.xml:30:13-36
100            android:launchMode="singleTask"
100-->[com.google.firebase:firebase-auth:21.1.0] AndroidManifest.xml:31:13-44
101            android:theme="@android:style/Theme.Translucent.NoTitleBar" >
101-->[com.google.firebase:firebase-auth:21.1.0] AndroidManifest.xml:32:13-72
102            <intent-filter>
102-->[com.google.firebase:firebase-auth:21.1.0] AndroidManifest.xml:33:13-43:29
103                <action android:name="android.intent.action.VIEW" />
103-->[com.google.firebase:firebase-auth:21.1.0] AndroidManifest.xml:34:17-69
103-->[com.google.firebase:firebase-auth:21.1.0] AndroidManifest.xml:34:25-66
104
105                <category android:name="android.intent.category.DEFAULT" />
105-->[com.google.firebase:firebase-auth:21.1.0] AndroidManifest.xml:36:17-76
105-->[com.google.firebase:firebase-auth:21.1.0] AndroidManifest.xml:36:27-73
106                <category android:name="android.intent.category.BROWSABLE" />
106-->[com.google.firebase:firebase-auth:21.1.0] AndroidManifest.xml:37:17-78
106-->[com.google.firebase:firebase-auth:21.1.0] AndroidManifest.xml:37:27-75
107
108                <data
108-->[com.google.firebase:firebase-auth:21.1.0] AndroidManifest.xml:39:17-42:51
109                    android:host="firebase.auth"
109-->[com.google.firebase:firebase-auth:21.1.0] AndroidManifest.xml:40:21-49
110                    android:path="/"
110-->[com.google.firebase:firebase-auth:21.1.0] AndroidManifest.xml:41:21-37
111                    android:scheme="genericidp" />
111-->[com.google.firebase:firebase-auth:21.1.0] AndroidManifest.xml:42:21-48
112            </intent-filter>
113        </activity>
114        <activity
114-->[com.google.firebase:firebase-auth:21.1.0] AndroidManifest.xml:45:9-62:20
115            android:name="com.google.firebase.auth.internal.RecaptchaActivity"
115-->[com.google.firebase:firebase-auth:21.1.0] AndroidManifest.xml:46:13-79
116            android:excludeFromRecents="true"
116-->[com.google.firebase:firebase-auth:21.1.0] AndroidManifest.xml:47:13-46
117            android:exported="true"
117-->[com.google.firebase:firebase-auth:21.1.0] AndroidManifest.xml:48:13-36
118            android:launchMode="singleTask"
118-->[com.google.firebase:firebase-auth:21.1.0] AndroidManifest.xml:49:13-44
119            android:theme="@android:style/Theme.Translucent.NoTitleBar" >
119-->[com.google.firebase:firebase-auth:21.1.0] AndroidManifest.xml:50:13-72
120            <intent-filter>
120-->[com.google.firebase:firebase-auth:21.1.0] AndroidManifest.xml:51:13-61:29
121                <action android:name="android.intent.action.VIEW" />
121-->[com.google.firebase:firebase-auth:21.1.0] AndroidManifest.xml:34:17-69
121-->[com.google.firebase:firebase-auth:21.1.0] AndroidManifest.xml:34:25-66
122
123                <category android:name="android.intent.category.DEFAULT" />
123-->[com.google.firebase:firebase-auth:21.1.0] AndroidManifest.xml:36:17-76
123-->[com.google.firebase:firebase-auth:21.1.0] AndroidManifest.xml:36:27-73
124                <category android:name="android.intent.category.BROWSABLE" />
124-->[com.google.firebase:firebase-auth:21.1.0] AndroidManifest.xml:37:17-78
124-->[com.google.firebase:firebase-auth:21.1.0] AndroidManifest.xml:37:27-75
125
126                <data
126-->[com.google.firebase:firebase-auth:21.1.0] AndroidManifest.xml:39:17-42:51
127                    android:host="firebase.auth"
127-->[com.google.firebase:firebase-auth:21.1.0] AndroidManifest.xml:40:21-49
128                    android:path="/"
128-->[com.google.firebase:firebase-auth:21.1.0] AndroidManifest.xml:41:21-37
129                    android:scheme="recaptcha" />
129-->[com.google.firebase:firebase-auth:21.1.0] AndroidManifest.xml:42:21-48
130            </intent-filter>
131        </activity>
132
133        <provider
133-->[com.google.firebase:firebase-common:20.2.0] AndroidManifest.xml:25:9-30:39
134            android:name="com.google.firebase.provider.FirebaseInitProvider"
134-->[com.google.firebase:firebase-common:20.2.0] AndroidManifest.xml:26:13-77
135            android:authorities="com.example.romoufer.chat.chat.firebaseinitprovider"
135-->[com.google.firebase:firebase-common:20.2.0] AndroidManifest.xml:27:13-72
136            android:directBootAware="true"
136-->[com.google.firebase:firebase-common:20.2.0] AndroidManifest.xml:28:13-43
137            android:exported="false"
137-->[com.google.firebase:firebase-common:20.2.0] AndroidManifest.xml:29:13-37
138            android:initOrder="100" />
138-->[com.google.firebase:firebase-common:20.2.0] AndroidManifest.xml:30:13-36
139
140        <activity
140-->[com.google.android.gms:play-services-base:18.0.1] AndroidManifest.xml:20:9-22:45
141            android:name="com.google.android.gms.common.api.GoogleApiActivity"
141-->[com.google.android.gms:play-services-base:18.0.1] AndroidManifest.xml:20:19-85
142            android:exported="false"
142-->[com.google.android.gms:play-services-base:18.0.1] AndroidManifest.xml:22:19-43
143            android:theme="@android:style/Theme.Translucent.NoTitleBar" />
143-->[com.google.android.gms:play-services-base:18.0.1] AndroidManifest.xml:21:19-78
144
145        <meta-data
145-->[com.google.android.gms:play-services-basement:18.1.0] AndroidManifest.xml:21:9-23:69
146            android:name="com.google.android.gms.version"
146-->[com.google.android.gms:play-services-basement:18.1.0] AndroidManifest.xml:22:13-58
147            android:value="@integer/google_play_services_version" />
147-->[com.google.android.gms:play-services-basement:18.1.0] AndroidManifest.xml:23:13-66
148    </application>
149
150</manifest>